   1              		.syntax unified
   2              		.cpu cortex-m4
   3              		.eabi_attribute 27, 3
   4              		.fpu fpv4-sp-d16
   5              		.eabi_attribute 20, 1
   6              		.eabi_attribute 21, 1
   7              		.eabi_attribute 23, 3
   8              		.eabi_attribute 24, 1
   9              		.eabi_attribute 25, 1
  10              		.eabi_attribute 26, 1
  11              		.eabi_attribute 30, 6
  12              		.eabi_attribute 34, 1
  13              		.eabi_attribute 18, 4
  14              		.thumb
  15              		.file	"drv_led.c"
  16              		.text
  17              	.Ltext0:
  18              		.cfi_sections	.debug_frame
  19              		.comm	mtk19ProcessDataState,1,1
  20              		.comm	nmeaProcessDataState,1,1
  21              		.comm	ubloxProcessDataState,1,1
  22              		.align	2
  23              		.global	ledInit
  24              		.thumb
  25              		.thumb_func
  27              	ledInit:
  28              	.LFB111:
  29              		.file 1 "../src/drv/drv_led.c"
   1:../src/drv/drv_led.c **** /*
   2:../src/drv/drv_led.c ****   December 2012
   3:../src/drv/drv_led.c **** 
   4:../src/drv/drv_led.c ****   aq32Plus_F3 Rev -
   5:../src/drv/drv_led.c **** 
   6:../src/drv/drv_led.c ****   Copyright (c) 2012 John Ihlein.  All rights reserved.
   7:../src/drv/drv_led.c **** 
   8:../src/drv/drv_led.c ****   Open Source STM32 Based Multicopter Controller Software
   9:../src/drv/drv_led.c **** 
  10:../src/drv/drv_led.c ****   Includes code and/or ideas from:
  11:../src/drv/drv_led.c **** 
  12:../src/drv/drv_led.c ****   1)AeroQuad
  13:../src/drv/drv_led.c ****   2)BaseFlight
  14:../src/drv/drv_led.c ****   3)CH Robotics
  15:../src/drv/drv_led.c ****   4)MultiWii
  16:../src/drv/drv_led.c ****   5)S.O.H. Madgwick
  17:../src/drv/drv_led.c ****   6)UAVX
  18:../src/drv/drv_led.c ****   7)STM DiscoveryF3 demonstration software
  19:../src/drv/drv_led.c **** 
  20:../src/drv/drv_led.c ****   Designed to run on the DiscoveryF3 board
  21:../src/drv/drv_led.c **** 
  22:../src/drv/drv_led.c ****   This program is free software: you can redistribute it and/or modify
  23:../src/drv/drv_led.c ****   it under the terms of the GNU General Public License as published by
  24:../src/drv/drv_led.c ****   the Free Software Foundation, either version 3 of the License, or
  25:../src/drv/drv_led.c ****   (at your option) any later version.
  26:../src/drv/drv_led.c **** 
  27:../src/drv/drv_led.c ****   This program is distributed in the hope that it will be useful,
  28:../src/drv/drv_led.c ****   but WITHOUT ANY WARRANTY; without even the implied warranty of
  29:../src/drv/drv_led.c ****   MERCHANTABILITY or FITNESS FOR A PARTICULAR PURPOSE. See the
  30:../src/drv/drv_led.c ****   GNU General Public License for more details.
  31:../src/drv/drv_led.c **** 
  32:../src/drv/drv_led.c ****   You should have received a copy of the GNU General Public License
  33:../src/drv/drv_led.c ****   along with this program. If not, see <http://www.gnu.org/licenses/>.
  34:../src/drv/drv_led.c **** */
  35:../src/drv/drv_led.c **** 
  36:../src/drv/drv_led.c **** ///////////////////////////////////////////////////////////////////////////////
  37:../src/drv/drv_led.c **** 
  38:../src/drv/drv_led.c **** #include "board.h"
  39:../src/drv/drv_led.c **** 
  40:../src/drv/drv_led.c **** ///////////////////////////////////////////////////////////////////////////////
  41:../src/drv/drv_led.c **** // LED Initialization
  42:../src/drv/drv_led.c **** ///////////////////////////////////////////////////////////////////////////////
  43:../src/drv/drv_led.c **** 
  44:../src/drv/drv_led.c **** void ledInit(void)
  45:../src/drv/drv_led.c **** {
  30              		.loc 1 45 0
  31              		.cfi_startproc
  32              		@ args = 0, pretend = 0, frame = 8
  33              		@ frame_needed = 0, uses_anonymous_args = 0
  34 0000 00B5     		push	{lr}
  35              	.LCFI0:
  36              		.cfi_def_cfa_offset 4
  37              		.cfi_offset 14, -4
  38 0002 83B0     		sub	sp, sp, #12
  39              	.LCFI1:
  40              		.cfi_def_cfa_offset 16
  46:../src/drv/drv_led.c ****     GPIO_InitTypeDef GPIO_InitStructure;
  47:../src/drv/drv_led.c **** 
  48:../src/drv/drv_led.c **** 	RCC_AHBPeriphClockCmd(RCC_AHBPeriph_GPIOE, ENABLE);
  41              		.loc 1 48 0
  42 0004 4FF40010 		mov	r0, #2097152
  43 0008 4FF00101 		mov	r1, #1
  44 000c FFF7FEFF 		bl	RCC_AHBPeriphClockCmd
  49:../src/drv/drv_led.c **** 
  50:../src/drv/drv_led.c **** 	GPIO_InitStructure.GPIO_Pin   = RED_N_LED_PIN | ORANGE_NE_LED_PIN | GREEN_E_LED_PIN | BLUE_SE_LED_
  45              		.loc 1 50 0
  46 0010 4FF4F053 		mov	r3, #7680
  47 0014 0093     		str	r3, [sp, #0]
  51:../src/drv/drv_led.c **** 	GPIO_InitStructure.GPIO_Pin  |= RED_S_LED_PIN | ORANGE_SW_LED_PIN | GREEN_W_LED_PIN | BLUE_NW_LED_
  48              		.loc 1 51 0
  49 0016 009B     		ldr	r3, [sp, #0]
  50 0018 43F46143 		orr	r3, r3, #57600
  51 001c 0093     		str	r3, [sp, #0]
  52:../src/drv/drv_led.c **** 	GPIO_InitStructure.GPIO_Mode  = GPIO_Mode_OUT;
  52              		.loc 1 52 0
  53 001e 4FF00103 		mov	r3, #1
  54 0022 8DF80430 		strb	r3, [sp, #4]
  53:../src/drv/drv_led.c **** 	GPIO_InitStructure.GPIO_Speed = GPIO_Speed_50MHz;
  55              		.loc 1 53 0
  56 0026 4FF00303 		mov	r3, #3
  57 002a 8DF80530 		strb	r3, [sp, #5]
  54:../src/drv/drv_led.c **** 	GPIO_InitStructure.GPIO_OType = GPIO_OType_PP;
  58              		.loc 1 54 0
  59 002e 4FF00003 		mov	r3, #0
  60 0032 8DF80630 		strb	r3, [sp, #6]
  55:../src/drv/drv_led.c **** 	GPIO_InitStructure.GPIO_PuPd  = GPIO_PuPd_NOPULL;
  61              		.loc 1 55 0
  62 0036 4FF00003 		mov	r3, #0
  63 003a 8DF80730 		strb	r3, [sp, #7]
  56:../src/drv/drv_led.c **** 
  57:../src/drv/drv_led.c **** 	GPIO_Init(GPIOE, &GPIO_InitStructure);
  64              		.loc 1 57 0
  65 003e 4FF48050 		mov	r0, #4096
  66 0042 C4F60000 		movt	r0, 18432
  67 0046 6B46     		mov	r3, sp
  68 0048 1946     		mov	r1, r3
  69 004a FFF7FEFF 		bl	GPIO_Init
  58:../src/drv/drv_led.c **** 
  59:../src/drv/drv_led.c **** 	GPIO_ResetBits(RED_N_LED_GPIO,     RED_N_LED_PIN    );
  70              		.loc 1 59 0
  71 004e 4FF48050 		mov	r0, #4096
  72 0052 C4F60000 		movt	r0, 18432
  73 0056 4FF40071 		mov	r1, #512
  74 005a FFF7FEFF 		bl	GPIO_ResetBits
  60:../src/drv/drv_led.c **** 	GPIO_ResetBits(ORANGE_NE_LED_GPIO, ORANGE_NE_LED_PIN);
  75              		.loc 1 60 0
  76 005e 4FF48050 		mov	r0, #4096
  77 0062 C4F60000 		movt	r0, 18432
  78 0066 4FF48061 		mov	r1, #1024
  79 006a FFF7FEFF 		bl	GPIO_ResetBits
  61:../src/drv/drv_led.c **** 	GPIO_ResetBits(GREEN_E_LED_GPIO,   GREEN_E_LED_PIN  );
  80              		.loc 1 61 0
  81 006e 4FF48050 		mov	r0, #4096
  82 0072 C4F60000 		movt	r0, 18432
  83 0076 4FF40061 		mov	r1, #2048
  84 007a FFF7FEFF 		bl	GPIO_ResetBits
  62:../src/drv/drv_led.c **** 	GPIO_ResetBits(BLUE_SE_LED_GPIO,   BLUE_SE_LED_PIN  );
  85              		.loc 1 62 0
  86 007e 4FF48050 		mov	r0, #4096
  87 0082 C4F60000 		movt	r0, 18432
  88 0086 4FF48051 		mov	r1, #4096
  89 008a FFF7FEFF 		bl	GPIO_ResetBits
  63:../src/drv/drv_led.c **** 	GPIO_ResetBits(RED_S_LED_GPIO,     RED_S_LED_PIN    );
  90              		.loc 1 63 0
  91 008e 4FF48050 		mov	r0, #4096
  92 0092 C4F60000 		movt	r0, 18432
  93 0096 4FF40051 		mov	r1, #8192
  94 009a FFF7FEFF 		bl	GPIO_ResetBits
  64:../src/drv/drv_led.c **** 	GPIO_ResetBits(ORANGE_SW_LED_GPIO, ORANGE_SW_LED_PIN);
  95              		.loc 1 64 0
  96 009e 4FF48050 		mov	r0, #4096
  97 00a2 C4F60000 		movt	r0, 18432
  98 00a6 4FF48041 		mov	r1, #16384
  99 00aa FFF7FEFF 		bl	GPIO_ResetBits
  65:../src/drv/drv_led.c **** 	GPIO_ResetBits(GREEN_W_LED_GPIO,   GREEN_W_LED_PIN  );
 100              		.loc 1 65 0
 101 00ae 4FF48050 		mov	r0, #4096
 102 00b2 C4F60000 		movt	r0, 18432
 103 00b6 4FF40041 		mov	r1, #32768
 104 00ba FFF7FEFF 		bl	GPIO_ResetBits
  66:../src/drv/drv_led.c **** 	GPIO_ResetBits(BLUE_NW_LED_GPIO,   BLUE_NW_LED_PIN  );
 105              		.loc 1 66 0
 106 00be 4FF48050 		mov	r0, #4096
 107 00c2 C4F60000 		movt	r0, 18432
 108 00c6 4FF48071 		mov	r1, #256
 109 00ca FFF7FEFF 		bl	GPIO_ResetBits
  67:../src/drv/drv_led.c **** }
 110              		.loc 1 67 0
 111 00ce 03B0     		add	sp, sp, #12
 112 00d0 00BD     		pop	{pc}
 113              		.cfi_endproc
 114              	.LFE111:
 116              	.Letext0:
 117              		.file 2 "c:\\program files\\codesourcery\\sourcery_codebench_lite_for_arm_eabi\\bin\\../lib/gcc/ar
 118              		.file 3 "D:\\Documents and Settings\\e722209\\Desktop\\workspace\\aq32Plus_F3\\Libraries\\Device\\
 119              		.file 4 "D:\\Documents and Settings\\e722209\\Desktop\\workspace\\aq32Plus_F3\\Libraries\\STM32F30
 120              		.file 5 "D:\\Documents and Settings\\e722209\\Desktop\\workspace\\aq32Plus_F3\\src\\gps/gpsMediaTe
 121              		.file 6 "D:\\Documents and Settings\\e722209\\Desktop\\workspace\\aq32Plus_F3\\src\\gps/gpsNMEA.h"
 122              		.file 7 "D:\\Documents and Settings\\e722209\\Desktop\\workspace\\aq32Plus_F3\\src\\gps/gpsUblox.h
 123              		.file 8 "D:\\Documents and Settings\\e722209\\Desktop\\workspace\\aq32Plus_F3\\Libraries\\CMSIS\\I
DEFINED SYMBOLS
                            *ABS*:00000000 drv_led.c
                            *COM*:00000001 mtk19ProcessDataState
                            *COM*:00000001 nmeaProcessDataState
                            *COM*:00000001 ubloxProcessDataState
D:\DOCUME~1\e722209\LOCALS~1\Temp\ccdSTWY8.s:22     .text:00000000 $t
D:\DOCUME~1\e722209\LOCALS~1\Temp\ccdSTWY8.s:27     .text:00000000 ledInit
                     .debug_frame:00000010 $d

UNDEFINED SYMBOLS
RCC_AHBPeriphClockCmd
GPIO_Init
GPIO_ResetBits
