   1              		.syntax unified
   2              		.cpu cortex-m4
   3              		.eabi_attribute 27, 3
   4              		.fpu fpv4-sp-d16
   5              		.eabi_attribute 20, 1
   6              		.eabi_attribute 21, 1
   7              		.eabi_attribute 23, 3
   8              		.eabi_attribute 24, 1
   9              		.eabi_attribute 25, 1
  10              		.eabi_attribute 26, 1
  11              		.eabi_attribute 30, 6
  12              		.eabi_attribute 34, 1
  13              		.eabi_attribute 18, 4
  14              		.thumb
  15              		.file	"drv_timingFunctions.c"
  16              		.text
  17              	.Ltext0:
  18              		.cfi_sections	.debug_frame
  19              		.comm	mtk19ProcessDataState,1,1
  20              		.comm	nmeaProcessDataState,1,1
  21              		.comm	ubloxProcessDataState,1,1
  22              		.align	2
  23              		.global	timingFunctionsInit
  24              		.thumb
  25              		.thumb_func
  27              	timingFunctionsInit:
  28              	.LFB111:
  29              		.file 1 "../src/drv/drv_timingFunctions.c"
   1:../src/drv/drv_timingFunctions.c **** /*
   2:../src/drv/drv_timingFunctions.c ****   December 2012
   3:../src/drv/drv_timingFunctions.c **** 
   4:../src/drv/drv_timingFunctions.c ****   aq32Plus_F3 Rev -
   5:../src/drv/drv_timingFunctions.c **** 
   6:../src/drv/drv_timingFunctions.c ****   Copyright (c) 2012 John Ihlein.  All rights reserved.
   7:../src/drv/drv_timingFunctions.c **** 
   8:../src/drv/drv_timingFunctions.c ****   Open Source STM32 Based Multicopter Controller Software
   9:../src/drv/drv_timingFunctions.c **** 
  10:../src/drv/drv_timingFunctions.c ****   Includes code and/or ideas from:
  11:../src/drv/drv_timingFunctions.c **** 
  12:../src/drv/drv_timingFunctions.c ****   1)AeroQuad
  13:../src/drv/drv_timingFunctions.c ****   2)BaseFlight
  14:../src/drv/drv_timingFunctions.c ****   3)CH Robotics
  15:../src/drv/drv_timingFunctions.c ****   4)MultiWii
  16:../src/drv/drv_timingFunctions.c ****   5)S.O.H. Madgwick
  17:../src/drv/drv_timingFunctions.c ****   6)UAVX
  18:../src/drv/drv_timingFunctions.c ****   7)STM DiscoveryF3 demonstration software
  19:../src/drv/drv_timingFunctions.c **** 
  20:../src/drv/drv_timingFunctions.c ****   Designed to run on the DiscoveryF3 board
  21:../src/drv/drv_timingFunctions.c **** 
  22:../src/drv/drv_timingFunctions.c ****   This program is free software: you can redistribute it and/or modify
  23:../src/drv/drv_timingFunctions.c ****   it under the terms of the GNU General Public License as published by
  24:../src/drv/drv_timingFunctions.c ****   the Free Software Foundation, either version 3 of the License, or
  25:../src/drv/drv_timingFunctions.c ****   (at your option) any later version.
  26:../src/drv/drv_timingFunctions.c **** 
  27:../src/drv/drv_timingFunctions.c ****   This program is distributed in the hope that it will be useful,
  28:../src/drv/drv_timingFunctions.c ****   but WITHOUT ANY WARRANTY; without even the implied warranty of
  29:../src/drv/drv_timingFunctions.c ****   MERCHANTABILITY or FITNESS FOR A PARTICULAR PURPOSE. See the
  30:../src/drv/drv_timingFunctions.c ****   GNU General Public License for more details.
  31:../src/drv/drv_timingFunctions.c **** 
  32:../src/drv/drv_timingFunctions.c ****   You should have received a copy of the GNU General Public License
  33:../src/drv/drv_timingFunctions.c ****   along with this program. If not, see <http://www.gnu.org/licenses/>.
  34:../src/drv/drv_timingFunctions.c **** */
  35:../src/drv/drv_timingFunctions.c **** 
  36:../src/drv/drv_timingFunctions.c **** ///////////////////////////////////////////////////////////////////////////////
  37:../src/drv/drv_timingFunctions.c **** 
  38:../src/drv/drv_timingFunctions.c **** #include "board.h"
  39:../src/drv/drv_timingFunctions.c **** 
  40:../src/drv/drv_timingFunctions.c **** ///////////////////////////////////////////////////////////////////////////////
  41:../src/drv/drv_timingFunctions.c **** // Timing Functions Initialization
  42:../src/drv/drv_timingFunctions.c **** ///////////////////////////////////////////////////////////////////////////////
  43:../src/drv/drv_timingFunctions.c **** 
  44:../src/drv/drv_timingFunctions.c **** void timingFunctionsInit(void)
  45:../src/drv/drv_timingFunctions.c **** {
  30              		.loc 1 45 0
  31              		.cfi_startproc
  32              		@ args = 0, pretend = 0, frame = 16
  33              		@ frame_needed = 0, uses_anonymous_args = 0
  34 0000 00B5     		push	{lr}
  35              	.LCFI0:
  36              		.cfi_def_cfa_offset 4
  37              		.cfi_offset 14, -4
  38 0002 85B0     		sub	sp, sp, #20
  39              	.LCFI1:
  40              		.cfi_def_cfa_offset 24
  46:../src/drv/drv_timingFunctions.c **** 	TIM_TimeBaseInitTypeDef  TIM_TimeBaseStructure;
  47:../src/drv/drv_timingFunctions.c **** 
  48:../src/drv/drv_timingFunctions.c ****     TIM_TimeBaseStructInit(&TIM_TimeBaseStructure);
  41              		.loc 1 48 0
  42 0004 01AB     		add	r3, sp, #4
  43 0006 1846     		mov	r0, r3
  44 0008 FFF7FEFF 		bl	TIM_TimeBaseStructInit
  49:../src/drv/drv_timingFunctions.c **** 
  50:../src/drv/drv_timingFunctions.c ****     RCC_APB1PeriphClockCmd(RCC_APB1Periph_TIM6,  ENABLE);
  45              		.loc 1 50 0
  46 000c 4FF01000 		mov	r0, #16
  47 0010 4FF00101 		mov	r1, #1
  48 0014 FFF7FEFF 		bl	RCC_APB1PeriphClockCmd
  51:../src/drv/drv_timingFunctions.c ****     RCC_APB1PeriphClockCmd(RCC_APB1Periph_TIM7,  ENABLE);
  49              		.loc 1 51 0
  50 0018 4FF02000 		mov	r0, #32
  51 001c 4FF00101 		mov	r1, #1
  52 0020 FFF7FEFF 		bl	RCC_APB1PeriphClockCmd
  52:../src/drv/drv_timingFunctions.c **** 
  53:../src/drv/drv_timingFunctions.c ****     // Output timers
  54:../src/drv/drv_timingFunctions.c **** 
  55:../src/drv/drv_timingFunctions.c ****       TIM_TimeBaseStructure.TIM_Period            = 0xFFFF;              // Just roll over counter 
  53              		.loc 1 55 0
  54 0024 4FF6FF73 		movw	r3, #65535
  55 0028 0293     		str	r3, [sp, #8]
  56:../src/drv/drv_timingFunctions.c ****       TIM_TimeBaseStructure.TIM_Prescaler         = 36 - 1;              // 72 MHz / 36 = 1 MHz = 0
  56              		.loc 1 56 0
  57 002a 4FF02303 		mov	r3, #35
  58 002e ADF80430 		strh	r3, [sp, #4]	@ movhi
  57:../src/drv/drv_timingFunctions.c ****     //TIM_TimeBaseStructure.TIM_ClockDivision     = TIM_CKD_DIV1;
  58:../src/drv/drv_timingFunctions.c ****     //TIM_TimeBaseStructure.TIM_CounterMode       = TIM_CounterMode_Up;
  59:../src/drv/drv_timingFunctions.c ****     //TIM_TimeBaseStructure.TIM_RepititionCounter = 0x0000;
  60:../src/drv/drv_timingFunctions.c **** 
  61:../src/drv/drv_timingFunctions.c ****     TIM_TimeBaseInit(TIM6, &TIM_TimeBaseStructure);
  59              		.loc 1 61 0
  60 0032 4FF48050 		mov	r0, #4096
  61 0036 C4F20000 		movt	r0, 16384
  62 003a 01AB     		add	r3, sp, #4
  63 003c 1946     		mov	r1, r3
  64 003e FFF7FEFF 		bl	TIM_TimeBaseInit
  62:../src/drv/drv_timingFunctions.c **** 
  63:../src/drv/drv_timingFunctions.c ****     TIM_Cmd(TIM6, ENABLE);
  65              		.loc 1 63 0
  66 0042 4FF48050 		mov	r0, #4096
  67 0046 C4F20000 		movt	r0, 16384
  68 004a 4FF00101 		mov	r1, #1
  69 004e FFF7FEFF 		bl	TIM_Cmd
  64:../src/drv/drv_timingFunctions.c **** }
  70              		.loc 1 64 0
  71 0052 05B0     		add	sp, sp, #20
  72 0054 00BD     		pop	{pc}
  73              		.cfi_endproc
  74              	.LFE111:
  76              	.Letext0:
  77              		.file 2 "c:\\program files\\codesourcery\\sourcery_codebench_lite_for_arm_eabi\\bin\\../lib/gcc/ar
  78              		.file 3 "D:\\Documents and Settings\\e722209\\Desktop\\workspace\\aq32Plus_F3\\Libraries\\Device\\
  79              		.file 4 "D:\\Documents and Settings\\e722209\\Desktop\\workspace\\aq32Plus_F3\\Libraries\\STM32F30
  80              		.file 5 "D:\\Documents and Settings\\e722209\\Desktop\\workspace\\aq32Plus_F3\\src\\gps/gpsMediaTe
  81              		.file 6 "D:\\Documents and Settings\\e722209\\Desktop\\workspace\\aq32Plus_F3\\src\\gps/gpsNMEA.h"
  82              		.file 7 "D:\\Documents and Settings\\e722209\\Desktop\\workspace\\aq32Plus_F3\\src\\gps/gpsUblox.h
  83              		.file 8 "D:\\Documents and Settings\\e722209\\Desktop\\workspace\\aq32Plus_F3\\Libraries\\CMSIS\\I
DEFINED SYMBOLS
                            *ABS*:00000000 drv_timingFunctions.c
                            *COM*:00000001 mtk19ProcessDataState
                            *COM*:00000001 nmeaProcessDataState
                            *COM*:00000001 ubloxProcessDataState
D:\DOCUME~1\e722209\LOCALS~1\Temp\cceB1VLm.s:22     .text:00000000 $t
D:\DOCUME~1\e722209\LOCALS~1\Temp\cceB1VLm.s:27     .text:00000000 timingFunctionsInit
                     .debug_frame:00000010 $d

UNDEFINED SYMBOLS
TIM_TimeBaseStructInit
RCC_APB1PeriphClockCmd
TIM_TimeBaseInit
TIM_Cmd
