   1              		.syntax unified
   2              		.cpu cortex-m4
   3              		.eabi_attribute 27, 3
   4              		.fpu fpv4-sp-d16
   5              		.eabi_attribute 20, 1
   6              		.eabi_attribute 21, 1
   7              		.eabi_attribute 23, 3
   8              		.eabi_attribute 24, 1
   9              		.eabi_attribute 25, 1
  10              		.eabi_attribute 26, 1
  11              		.eabi_attribute 30, 6
  12              		.eabi_attribute 34, 1
  13              		.eabi_attribute 18, 4
  14              		.thumb
  15              		.file	"stm32f30x_crc.c"
  16              		.text
  17              	.Ltext0:
  18              		.cfi_sections	.debug_frame
  19              		.align	2
  20              		.global	CRC_DeInit
  21              		.thumb
  22              		.thumb_func
  24              	CRC_DeInit:
  25              	.LFB111:
  26              		.file 1 "../Libraries/STM32F30x_StdPeriph_Driver/src/stm32f30x_crc.c"
   1:../Libraries/STM32F30x_StdPeriph_Driver/src/stm32f30x_crc.c **** /**
   2:../Libraries/STM32F30x_StdPeriph_Driver/src/stm32f30x_crc.c ****   ******************************************************************************
   3:../Libraries/STM32F30x_StdPeriph_Driver/src/stm32f30x_crc.c ****   * @file    stm32f30x_crc.c
   4:../Libraries/STM32F30x_StdPeriph_Driver/src/stm32f30x_crc.c ****   * @author  MCD Application Team
   5:../Libraries/STM32F30x_StdPeriph_Driver/src/stm32f30x_crc.c ****   * @version V1.0.1
   6:../Libraries/STM32F30x_StdPeriph_Driver/src/stm32f30x_crc.c ****   * @date    23-October-2012
   7:../Libraries/STM32F30x_StdPeriph_Driver/src/stm32f30x_crc.c ****   * @brief   This file provides firmware functions to manage the following 
   8:../Libraries/STM32F30x_StdPeriph_Driver/src/stm32f30x_crc.c ****   *          functionalities of CRC computation unit peripheral:
   9:../Libraries/STM32F30x_StdPeriph_Driver/src/stm32f30x_crc.c ****   *            + Configuration of the CRC computation unit
  10:../Libraries/STM32F30x_StdPeriph_Driver/src/stm32f30x_crc.c ****   *            + CRC computation of one/many 32-bit data
  11:../Libraries/STM32F30x_StdPeriph_Driver/src/stm32f30x_crc.c ****   *            + CRC Independent register (IDR) access
  12:../Libraries/STM32F30x_StdPeriph_Driver/src/stm32f30x_crc.c ****   *
  13:../Libraries/STM32F30x_StdPeriph_Driver/src/stm32f30x_crc.c ****   @verbatim
  14:../Libraries/STM32F30x_StdPeriph_Driver/src/stm32f30x_crc.c ****     
  15:../Libraries/STM32F30x_StdPeriph_Driver/src/stm32f30x_crc.c ****  ===============================================================================
  16:../Libraries/STM32F30x_StdPeriph_Driver/src/stm32f30x_crc.c ****                       ##### How to use this driver #####
  17:../Libraries/STM32F30x_StdPeriph_Driver/src/stm32f30x_crc.c ****  ===============================================================================
  18:../Libraries/STM32F30x_StdPeriph_Driver/src/stm32f30x_crc.c ****     [..] 
  19:../Libraries/STM32F30x_StdPeriph_Driver/src/stm32f30x_crc.c ****     (#) Enable CRC AHB clock using RCC_AHBPeriphClockCmd(RCC_AHBPeriph_CRC, ENABLE)
  20:../Libraries/STM32F30x_StdPeriph_Driver/src/stm32f30x_crc.c ****         function.
  21:../Libraries/STM32F30x_StdPeriph_Driver/src/stm32f30x_crc.c ****     (#) Select the polynomial size: 7-bit, 8-bit, 16-bit or 32-bit.
  22:../Libraries/STM32F30x_StdPeriph_Driver/src/stm32f30x_crc.c ****     (#) Set the polynomial coefficients using CRC_SetPolynomial();  
  23:../Libraries/STM32F30x_StdPeriph_Driver/src/stm32f30x_crc.c ****     (#) If required, select the reverse operation on input data 
  24:../Libraries/STM32F30x_StdPeriph_Driver/src/stm32f30x_crc.c ****         using CRC_ReverseInputDataSelect();  
  25:../Libraries/STM32F30x_StdPeriph_Driver/src/stm32f30x_crc.c ****     (#) If required, enable the reverse operation on output data
  26:../Libraries/STM32F30x_StdPeriph_Driver/src/stm32f30x_crc.c ****         using CRC_ReverseOutputDataCmd(Enable);
  27:../Libraries/STM32F30x_StdPeriph_Driver/src/stm32f30x_crc.c ****     (#) If required, set the initialization remainder value using
  28:../Libraries/STM32F30x_StdPeriph_Driver/src/stm32f30x_crc.c ****         CRC_SetInitRegister();
  29:../Libraries/STM32F30x_StdPeriph_Driver/src/stm32f30x_crc.c ****     (#) use CRC_CalcCRC() function to compute the CRC of a 32-bit data
  30:../Libraries/STM32F30x_StdPeriph_Driver/src/stm32f30x_crc.c ****         or use CRC_CalcBlockCRC() function to compute the CRC if a 32-bit 
  31:../Libraries/STM32F30x_StdPeriph_Driver/src/stm32f30x_crc.c ****         data buffer.
  32:../Libraries/STM32F30x_StdPeriph_Driver/src/stm32f30x_crc.c **** 
  33:../Libraries/STM32F30x_StdPeriph_Driver/src/stm32f30x_crc.c ****   @endverbatim
  34:../Libraries/STM32F30x_StdPeriph_Driver/src/stm32f30x_crc.c ****   
  35:../Libraries/STM32F30x_StdPeriph_Driver/src/stm32f30x_crc.c ****   ******************************************************************************
  36:../Libraries/STM32F30x_StdPeriph_Driver/src/stm32f30x_crc.c ****   * @attention
  37:../Libraries/STM32F30x_StdPeriph_Driver/src/stm32f30x_crc.c ****   *
  38:../Libraries/STM32F30x_StdPeriph_Driver/src/stm32f30x_crc.c ****   * <h2><center>&copy; COPYRIGHT 2012 STMicroelectronics</center></h2>
  39:../Libraries/STM32F30x_StdPeriph_Driver/src/stm32f30x_crc.c ****   *
  40:../Libraries/STM32F30x_StdPeriph_Driver/src/stm32f30x_crc.c ****   * Licensed under MCD-ST Liberty SW License Agreement V2, (the "License");
  41:../Libraries/STM32F30x_StdPeriph_Driver/src/stm32f30x_crc.c ****   * You may not use this file except in compliance with the License.
  42:../Libraries/STM32F30x_StdPeriph_Driver/src/stm32f30x_crc.c ****   * You may obtain a copy of the License at:
  43:../Libraries/STM32F30x_StdPeriph_Driver/src/stm32f30x_crc.c ****   *
  44:../Libraries/STM32F30x_StdPeriph_Driver/src/stm32f30x_crc.c ****   *        http://www.st.com/software_license_agreement_liberty_v2
  45:../Libraries/STM32F30x_StdPeriph_Driver/src/stm32f30x_crc.c ****   *
  46:../Libraries/STM32F30x_StdPeriph_Driver/src/stm32f30x_crc.c ****   * Unless required by applicable law or agreed to in writing, software 
  47:../Libraries/STM32F30x_StdPeriph_Driver/src/stm32f30x_crc.c ****   * distributed under the License is distributed on an "AS IS" BASIS, 
  48:../Libraries/STM32F30x_StdPeriph_Driver/src/stm32f30x_crc.c ****   * WITHOUT WARRANTIES OR CONDITIONS OF ANY KIND, either express or implied.
  49:../Libraries/STM32F30x_StdPeriph_Driver/src/stm32f30x_crc.c ****   * See the License for the specific language governing permissions and
  50:../Libraries/STM32F30x_StdPeriph_Driver/src/stm32f30x_crc.c ****   * limitations under the License.
  51:../Libraries/STM32F30x_StdPeriph_Driver/src/stm32f30x_crc.c ****   *
  52:../Libraries/STM32F30x_StdPeriph_Driver/src/stm32f30x_crc.c ****   ******************************************************************************
  53:../Libraries/STM32F30x_StdPeriph_Driver/src/stm32f30x_crc.c ****   */
  54:../Libraries/STM32F30x_StdPeriph_Driver/src/stm32f30x_crc.c **** 
  55:../Libraries/STM32F30x_StdPeriph_Driver/src/stm32f30x_crc.c **** /* Includes ------------------------------------------------------------------*/
  56:../Libraries/STM32F30x_StdPeriph_Driver/src/stm32f30x_crc.c **** #include "stm32f30x_crc.h"
  57:../Libraries/STM32F30x_StdPeriph_Driver/src/stm32f30x_crc.c **** 
  58:../Libraries/STM32F30x_StdPeriph_Driver/src/stm32f30x_crc.c **** /** @addtogroup STM32F30x_StdPeriph_Driver
  59:../Libraries/STM32F30x_StdPeriph_Driver/src/stm32f30x_crc.c ****   * @{
  60:../Libraries/STM32F30x_StdPeriph_Driver/src/stm32f30x_crc.c ****   */
  61:../Libraries/STM32F30x_StdPeriph_Driver/src/stm32f30x_crc.c **** 
  62:../Libraries/STM32F30x_StdPeriph_Driver/src/stm32f30x_crc.c **** /** @defgroup CRC 
  63:../Libraries/STM32F30x_StdPeriph_Driver/src/stm32f30x_crc.c ****   * @brief CRC driver modules
  64:../Libraries/STM32F30x_StdPeriph_Driver/src/stm32f30x_crc.c ****   * @{
  65:../Libraries/STM32F30x_StdPeriph_Driver/src/stm32f30x_crc.c ****   */
  66:../Libraries/STM32F30x_StdPeriph_Driver/src/stm32f30x_crc.c **** 
  67:../Libraries/STM32F30x_StdPeriph_Driver/src/stm32f30x_crc.c **** /* Private typedef -----------------------------------------------------------*/
  68:../Libraries/STM32F30x_StdPeriph_Driver/src/stm32f30x_crc.c **** /* Private define ------------------------------------------------------------*/
  69:../Libraries/STM32F30x_StdPeriph_Driver/src/stm32f30x_crc.c **** /* Private macro -------------------------------------------------------------*/
  70:../Libraries/STM32F30x_StdPeriph_Driver/src/stm32f30x_crc.c **** /* Private variables ---------------------------------------------------------*/
  71:../Libraries/STM32F30x_StdPeriph_Driver/src/stm32f30x_crc.c **** /* Private function prototypes -----------------------------------------------*/
  72:../Libraries/STM32F30x_StdPeriph_Driver/src/stm32f30x_crc.c **** /* Private functions ---------------------------------------------------------*/
  73:../Libraries/STM32F30x_StdPeriph_Driver/src/stm32f30x_crc.c **** 
  74:../Libraries/STM32F30x_StdPeriph_Driver/src/stm32f30x_crc.c **** /** @defgroup CRC_Private_Functions
  75:../Libraries/STM32F30x_StdPeriph_Driver/src/stm32f30x_crc.c ****   * @{
  76:../Libraries/STM32F30x_StdPeriph_Driver/src/stm32f30x_crc.c ****   */
  77:../Libraries/STM32F30x_StdPeriph_Driver/src/stm32f30x_crc.c **** 
  78:../Libraries/STM32F30x_StdPeriph_Driver/src/stm32f30x_crc.c **** /** @defgroup CRC_Group1 Configuration of the CRC computation unit functions
  79:../Libraries/STM32F30x_StdPeriph_Driver/src/stm32f30x_crc.c ****  *  @brief   Configuration of the CRC computation unit functions 
  80:../Libraries/STM32F30x_StdPeriph_Driver/src/stm32f30x_crc.c ****  *
  81:../Libraries/STM32F30x_StdPeriph_Driver/src/stm32f30x_crc.c **** @verbatim
  82:../Libraries/STM32F30x_StdPeriph_Driver/src/stm32f30x_crc.c ****  ===============================================================================
  83:../Libraries/STM32F30x_StdPeriph_Driver/src/stm32f30x_crc.c ****                   ##### CRC configuration functions #####
  84:../Libraries/STM32F30x_StdPeriph_Driver/src/stm32f30x_crc.c ****  ===============================================================================
  85:../Libraries/STM32F30x_StdPeriph_Driver/src/stm32f30x_crc.c **** 
  86:../Libraries/STM32F30x_StdPeriph_Driver/src/stm32f30x_crc.c **** @endverbatim
  87:../Libraries/STM32F30x_StdPeriph_Driver/src/stm32f30x_crc.c ****   * @{
  88:../Libraries/STM32F30x_StdPeriph_Driver/src/stm32f30x_crc.c ****   */
  89:../Libraries/STM32F30x_StdPeriph_Driver/src/stm32f30x_crc.c **** 
  90:../Libraries/STM32F30x_StdPeriph_Driver/src/stm32f30x_crc.c **** /**
  91:../Libraries/STM32F30x_StdPeriph_Driver/src/stm32f30x_crc.c ****   * @brief  Deinitializes CRC peripheral registers to their default reset values.
  92:../Libraries/STM32F30x_StdPeriph_Driver/src/stm32f30x_crc.c ****   * @param  None
  93:../Libraries/STM32F30x_StdPeriph_Driver/src/stm32f30x_crc.c ****   * @retval None
  94:../Libraries/STM32F30x_StdPeriph_Driver/src/stm32f30x_crc.c ****   */
  95:../Libraries/STM32F30x_StdPeriph_Driver/src/stm32f30x_crc.c **** void CRC_DeInit(void)
  96:../Libraries/STM32F30x_StdPeriph_Driver/src/stm32f30x_crc.c **** {
  27              		.loc 1 96 0
  28              		.cfi_startproc
  29              		@ args = 0, pretend = 0, frame = 0
  30              		@ frame_needed = 0, uses_anonymous_args = 0
  31              		@ link register save eliminated.
  97:../Libraries/STM32F30x_StdPeriph_Driver/src/stm32f30x_crc.c ****   /* Set DR register to reset value */
  98:../Libraries/STM32F30x_StdPeriph_Driver/src/stm32f30x_crc.c ****   CRC->DR = 0xFFFFFFFF;
  32              		.loc 1 98 0
  33 0000 4FF44053 		mov	r3, #12288
  34 0004 C4F20203 		movt	r3, 16386
  35 0008 4FF0FF32 		mov	r2, #-1
  36 000c 1A60     		str	r2, [r3, #0]
  99:../Libraries/STM32F30x_StdPeriph_Driver/src/stm32f30x_crc.c ****   /* Set the POL register to the reset value: 0x04C11DB7 */
 100:../Libraries/STM32F30x_StdPeriph_Driver/src/stm32f30x_crc.c ****   CRC->POL = 0x04C11DB7;
  37              		.loc 1 100 0
  38 000e 4FF44053 		mov	r3, #12288
  39 0012 C4F20203 		movt	r3, 16386
  40 0016 41F6B752 		movw	r2, #7607
  41 001a C0F2C142 		movt	r2, 1217
  42 001e 5A61     		str	r2, [r3, #20]
 101:../Libraries/STM32F30x_StdPeriph_Driver/src/stm32f30x_crc.c ****   /* Reset IDR register */
 102:../Libraries/STM32F30x_StdPeriph_Driver/src/stm32f30x_crc.c ****   CRC->IDR = 0x00;
  43              		.loc 1 102 0
  44 0020 4FF44053 		mov	r3, #12288
  45 0024 C4F20203 		movt	r3, 16386
  46 0028 4FF00002 		mov	r2, #0
  47 002c 1A71     		strb	r2, [r3, #4]
 103:../Libraries/STM32F30x_StdPeriph_Driver/src/stm32f30x_crc.c ****   /* Set INIT register to reset value */
 104:../Libraries/STM32F30x_StdPeriph_Driver/src/stm32f30x_crc.c ****   CRC->INIT = 0xFFFFFFFF;
  48              		.loc 1 104 0
  49 002e 4FF44053 		mov	r3, #12288
  50 0032 C4F20203 		movt	r3, 16386
  51 0036 4FF0FF32 		mov	r2, #-1
  52 003a 1A61     		str	r2, [r3, #16]
 105:../Libraries/STM32F30x_StdPeriph_Driver/src/stm32f30x_crc.c ****   /* Reset the CRC calculation unit */
 106:../Libraries/STM32F30x_StdPeriph_Driver/src/stm32f30x_crc.c ****   CRC->CR = CRC_CR_RESET;
  53              		.loc 1 106 0
  54 003c 4FF44053 		mov	r3, #12288
  55 0040 C4F20203 		movt	r3, 16386
  56 0044 4FF00102 		mov	r2, #1
  57 0048 9A60     		str	r2, [r3, #8]
 107:../Libraries/STM32F30x_StdPeriph_Driver/src/stm32f30x_crc.c **** }
  58              		.loc 1 107 0
  59 004a 7047     		bx	lr
  60              		.cfi_endproc
  61              	.LFE111:
  63              		.align	2
  64              		.global	CRC_ResetDR
  65              		.thumb
  66              		.thumb_func
  68              	CRC_ResetDR:
  69              	.LFB112:
 108:../Libraries/STM32F30x_StdPeriph_Driver/src/stm32f30x_crc.c **** 
 109:../Libraries/STM32F30x_StdPeriph_Driver/src/stm32f30x_crc.c **** /**
 110:../Libraries/STM32F30x_StdPeriph_Driver/src/stm32f30x_crc.c ****   * @brief  Resets the CRC calculation unit and sets INIT register content in DR register.
 111:../Libraries/STM32F30x_StdPeriph_Driver/src/stm32f30x_crc.c ****   * @param  None
 112:../Libraries/STM32F30x_StdPeriph_Driver/src/stm32f30x_crc.c ****   * @retval None
 113:../Libraries/STM32F30x_StdPeriph_Driver/src/stm32f30x_crc.c ****   */
 114:../Libraries/STM32F30x_StdPeriph_Driver/src/stm32f30x_crc.c **** void CRC_ResetDR(void)
 115:../Libraries/STM32F30x_StdPeriph_Driver/src/stm32f30x_crc.c **** {
  70              		.loc 1 115 0
  71              		.cfi_startproc
  72              		@ args = 0, pretend = 0, frame = 0
  73              		@ frame_needed = 0, uses_anonymous_args = 0
  74              		@ link register save eliminated.
 116:../Libraries/STM32F30x_StdPeriph_Driver/src/stm32f30x_crc.c ****   /* Reset CRC generator */
 117:../Libraries/STM32F30x_StdPeriph_Driver/src/stm32f30x_crc.c ****   CRC->CR |= CRC_CR_RESET;
  75              		.loc 1 117 0
  76 004c 4FF44053 		mov	r3, #12288
  77 0050 C4F20203 		movt	r3, 16386
  78 0054 4FF44052 		mov	r2, #12288
  79 0058 C4F20202 		movt	r2, 16386
  80 005c 9268     		ldr	r2, [r2, #8]
  81 005e 42F00102 		orr	r2, r2, #1
  82 0062 9A60     		str	r2, [r3, #8]
 118:../Libraries/STM32F30x_StdPeriph_Driver/src/stm32f30x_crc.c **** }
  83              		.loc 1 118 0
  84 0064 7047     		bx	lr
  85              		.cfi_endproc
  86              	.LFE112:
  88 0066 00BF     		.align	2
  89              		.global	CRC_PolynomialSizeSelect
  90              		.thumb
  91              		.thumb_func
  93              	CRC_PolynomialSizeSelect:
  94              	.LFB113:
 119:../Libraries/STM32F30x_StdPeriph_Driver/src/stm32f30x_crc.c **** 
 120:../Libraries/STM32F30x_StdPeriph_Driver/src/stm32f30x_crc.c **** /**
 121:../Libraries/STM32F30x_StdPeriph_Driver/src/stm32f30x_crc.c ****   * @brief  Selects the polynomial size.
 122:../Libraries/STM32F30x_StdPeriph_Driver/src/stm32f30x_crc.c ****   * @param  CRC_PolSize: Specifies the polynomial size.
 123:../Libraries/STM32F30x_StdPeriph_Driver/src/stm32f30x_crc.c ****   *         This parameter can be:
 124:../Libraries/STM32F30x_StdPeriph_Driver/src/stm32f30x_crc.c ****   *          @arg CRC_PolSize_7: 7-bit polynomial for CRC calculation
 125:../Libraries/STM32F30x_StdPeriph_Driver/src/stm32f30x_crc.c ****   *          @arg CRC_PolSize_8: 8-bit polynomial for CRC calculation
 126:../Libraries/STM32F30x_StdPeriph_Driver/src/stm32f30x_crc.c ****   *          @arg CRC_PolSize_16: 16-bit polynomial for CRC calculation
 127:../Libraries/STM32F30x_StdPeriph_Driver/src/stm32f30x_crc.c ****   *          @arg CRC_PolSize_32: 32-bit polynomial for CRC calculation
 128:../Libraries/STM32F30x_StdPeriph_Driver/src/stm32f30x_crc.c ****   * @retval None
 129:../Libraries/STM32F30x_StdPeriph_Driver/src/stm32f30x_crc.c ****   */
 130:../Libraries/STM32F30x_StdPeriph_Driver/src/stm32f30x_crc.c **** void CRC_PolynomialSizeSelect(uint32_t CRC_PolSize)
 131:../Libraries/STM32F30x_StdPeriph_Driver/src/stm32f30x_crc.c **** {
  95              		.loc 1 131 0
  96              		.cfi_startproc
  97              		@ args = 0, pretend = 0, frame = 16
  98              		@ frame_needed = 0, uses_anonymous_args = 0
  99              		@ link register save eliminated.
 100 0068 84B0     		sub	sp, sp, #16
 101              	.LCFI0:
 102              		.cfi_def_cfa_offset 16
 103 006a 0190     		str	r0, [sp, #4]
 132:../Libraries/STM32F30x_StdPeriph_Driver/src/stm32f30x_crc.c ****   uint32_t tmpcr = 0;
 104              		.loc 1 132 0
 105 006c 4FF00003 		mov	r3, #0
 106 0070 0393     		str	r3, [sp, #12]
 133:../Libraries/STM32F30x_StdPeriph_Driver/src/stm32f30x_crc.c **** 
 134:../Libraries/STM32F30x_StdPeriph_Driver/src/stm32f30x_crc.c ****   /* Check the parameter */
 135:../Libraries/STM32F30x_StdPeriph_Driver/src/stm32f30x_crc.c ****   assert_param(IS_CRC_POL_SIZE(CRC_PolSize));
 136:../Libraries/STM32F30x_StdPeriph_Driver/src/stm32f30x_crc.c **** 
 137:../Libraries/STM32F30x_StdPeriph_Driver/src/stm32f30x_crc.c ****   /* Get CR register value */
 138:../Libraries/STM32F30x_StdPeriph_Driver/src/stm32f30x_crc.c ****   tmpcr = CRC->CR;
 107              		.loc 1 138 0
 108 0072 4FF44053 		mov	r3, #12288
 109 0076 C4F20203 		movt	r3, 16386
 110 007a 9B68     		ldr	r3, [r3, #8]
 111 007c 0393     		str	r3, [sp, #12]
 139:../Libraries/STM32F30x_StdPeriph_Driver/src/stm32f30x_crc.c **** 
 140:../Libraries/STM32F30x_StdPeriph_Driver/src/stm32f30x_crc.c ****   /* Reset POL_SIZE bits */
 141:../Libraries/STM32F30x_StdPeriph_Driver/src/stm32f30x_crc.c ****   tmpcr &= (uint32_t)~((uint32_t)CRC_CR_POLSIZE);
 112              		.loc 1 141 0
 113 007e 039B     		ldr	r3, [sp, #12]
 114 0080 23F01803 		bic	r3, r3, #24
 115 0084 0393     		str	r3, [sp, #12]
 142:../Libraries/STM32F30x_StdPeriph_Driver/src/stm32f30x_crc.c ****   /* Set the polynomial size */
 143:../Libraries/STM32F30x_StdPeriph_Driver/src/stm32f30x_crc.c ****   tmpcr |= (uint32_t)CRC_PolSize;
 116              		.loc 1 143 0
 117 0086 039A     		ldr	r2, [sp, #12]
 118 0088 019B     		ldr	r3, [sp, #4]
 119 008a 1343     		orrs	r3, r3, r2
 120 008c 0393     		str	r3, [sp, #12]
 144:../Libraries/STM32F30x_StdPeriph_Driver/src/stm32f30x_crc.c **** 
 145:../Libraries/STM32F30x_StdPeriph_Driver/src/stm32f30x_crc.c ****   /* Write to CR register */
 146:../Libraries/STM32F30x_StdPeriph_Driver/src/stm32f30x_crc.c ****   CRC->CR = (uint32_t)tmpcr;
 121              		.loc 1 146 0
 122 008e 4FF44053 		mov	r3, #12288
 123 0092 C4F20203 		movt	r3, 16386
 124 0096 039A     		ldr	r2, [sp, #12]
 125 0098 9A60     		str	r2, [r3, #8]
 147:../Libraries/STM32F30x_StdPeriph_Driver/src/stm32f30x_crc.c **** }
 126              		.loc 1 147 0
 127 009a 04B0     		add	sp, sp, #16
 128 009c 7047     		bx	lr
 129              		.cfi_endproc
 130              	.LFE113:
 132 009e 00BF     		.align	2
 133              		.global	CRC_ReverseInputDataSelect
 134              		.thumb
 135              		.thumb_func
 137              	CRC_ReverseInputDataSelect:
 138              	.LFB114:
 148:../Libraries/STM32F30x_StdPeriph_Driver/src/stm32f30x_crc.c **** 
 149:../Libraries/STM32F30x_StdPeriph_Driver/src/stm32f30x_crc.c **** /**
 150:../Libraries/STM32F30x_StdPeriph_Driver/src/stm32f30x_crc.c ****   * @brief  Selects the reverse operation to be performed on input data.
 151:../Libraries/STM32F30x_StdPeriph_Driver/src/stm32f30x_crc.c ****   * @param  CRC_ReverseInputData: Specifies the reverse operation on input data.
 152:../Libraries/STM32F30x_StdPeriph_Driver/src/stm32f30x_crc.c ****   *         This parameter can be:
 153:../Libraries/STM32F30x_StdPeriph_Driver/src/stm32f30x_crc.c ****   *          @arg CRC_ReverseInputData_No: No reverse operation is performed
 154:../Libraries/STM32F30x_StdPeriph_Driver/src/stm32f30x_crc.c ****   *          @arg CRC_ReverseInputData_8bits: reverse operation performed on 8 bits
 155:../Libraries/STM32F30x_StdPeriph_Driver/src/stm32f30x_crc.c ****   *          @arg CRC_ReverseInputData_16bits: reverse operation performed on 16 bits
 156:../Libraries/STM32F30x_StdPeriph_Driver/src/stm32f30x_crc.c ****   *          @arg CRC_ReverseInputData_32bits: reverse operation performed on 32 bits
 157:../Libraries/STM32F30x_StdPeriph_Driver/src/stm32f30x_crc.c ****   * @retval None
 158:../Libraries/STM32F30x_StdPeriph_Driver/src/stm32f30x_crc.c ****   */
 159:../Libraries/STM32F30x_StdPeriph_Driver/src/stm32f30x_crc.c **** void CRC_ReverseInputDataSelect(uint32_t CRC_ReverseInputData)
 160:../Libraries/STM32F30x_StdPeriph_Driver/src/stm32f30x_crc.c **** {
 139              		.loc 1 160 0
 140              		.cfi_startproc
 141              		@ args = 0, pretend = 0, frame = 16
 142              		@ frame_needed = 0, uses_anonymous_args = 0
 143              		@ link register save eliminated.
 144 00a0 84B0     		sub	sp, sp, #16
 145              	.LCFI1:
 146              		.cfi_def_cfa_offset 16
 147 00a2 0190     		str	r0, [sp, #4]
 161:../Libraries/STM32F30x_StdPeriph_Driver/src/stm32f30x_crc.c ****   uint32_t tmpcr = 0;
 148              		.loc 1 161 0
 149 00a4 4FF00003 		mov	r3, #0
 150 00a8 0393     		str	r3, [sp, #12]
 162:../Libraries/STM32F30x_StdPeriph_Driver/src/stm32f30x_crc.c **** 
 163:../Libraries/STM32F30x_StdPeriph_Driver/src/stm32f30x_crc.c ****   /* Check the parameter */
 164:../Libraries/STM32F30x_StdPeriph_Driver/src/stm32f30x_crc.c ****   assert_param(IS_CRC_REVERSE_INPUT_DATA(CRC_ReverseInputData));
 165:../Libraries/STM32F30x_StdPeriph_Driver/src/stm32f30x_crc.c **** 
 166:../Libraries/STM32F30x_StdPeriph_Driver/src/stm32f30x_crc.c ****   /* Get CR register value */
 167:../Libraries/STM32F30x_StdPeriph_Driver/src/stm32f30x_crc.c ****   tmpcr = CRC->CR;
 151              		.loc 1 167 0
 152 00aa 4FF44053 		mov	r3, #12288
 153 00ae C4F20203 		movt	r3, 16386
 154 00b2 9B68     		ldr	r3, [r3, #8]
 155 00b4 0393     		str	r3, [sp, #12]
 168:../Libraries/STM32F30x_StdPeriph_Driver/src/stm32f30x_crc.c **** 
 169:../Libraries/STM32F30x_StdPeriph_Driver/src/stm32f30x_crc.c ****   /* Reset REV_IN bits */
 170:../Libraries/STM32F30x_StdPeriph_Driver/src/stm32f30x_crc.c ****   tmpcr &= (uint32_t)~((uint32_t)CRC_CR_REV_IN);
 156              		.loc 1 170 0
 157 00b6 039B     		ldr	r3, [sp, #12]
 158 00b8 23F06003 		bic	r3, r3, #96
 159 00bc 0393     		str	r3, [sp, #12]
 171:../Libraries/STM32F30x_StdPeriph_Driver/src/stm32f30x_crc.c ****   /* Set the reverse operation */
 172:../Libraries/STM32F30x_StdPeriph_Driver/src/stm32f30x_crc.c ****   tmpcr |= (uint32_t)CRC_ReverseInputData;
 160              		.loc 1 172 0
 161 00be 039A     		ldr	r2, [sp, #12]
 162 00c0 019B     		ldr	r3, [sp, #4]
 163 00c2 1343     		orrs	r3, r3, r2
 164 00c4 0393     		str	r3, [sp, #12]
 173:../Libraries/STM32F30x_StdPeriph_Driver/src/stm32f30x_crc.c **** 
 174:../Libraries/STM32F30x_StdPeriph_Driver/src/stm32f30x_crc.c ****   /* Write to CR register */
 175:../Libraries/STM32F30x_StdPeriph_Driver/src/stm32f30x_crc.c ****   CRC->CR = (uint32_t)tmpcr;
 165              		.loc 1 175 0
 166 00c6 4FF44053 		mov	r3, #12288
 167 00ca C4F20203 		movt	r3, 16386
 168 00ce 039A     		ldr	r2, [sp, #12]
 169 00d0 9A60     		str	r2, [r3, #8]
 176:../Libraries/STM32F30x_StdPeriph_Driver/src/stm32f30x_crc.c **** }
 170              		.loc 1 176 0
 171 00d2 04B0     		add	sp, sp, #16
 172 00d4 7047     		bx	lr
 173              		.cfi_endproc
 174              	.LFE114:
 176 00d6 00BF     		.align	2
 177              		.global	CRC_ReverseOutputDataCmd
 178              		.thumb
 179              		.thumb_func
 181              	CRC_ReverseOutputDataCmd:
 182              	.LFB115:
 177:../Libraries/STM32F30x_StdPeriph_Driver/src/stm32f30x_crc.c **** 
 178:../Libraries/STM32F30x_StdPeriph_Driver/src/stm32f30x_crc.c **** /**
 179:../Libraries/STM32F30x_StdPeriph_Driver/src/stm32f30x_crc.c ****   * @brief  Enables or disable the reverse operation on output data.
 180:../Libraries/STM32F30x_StdPeriph_Driver/src/stm32f30x_crc.c ****   *         The reverse operation on output data is performed on 32-bit.
 181:../Libraries/STM32F30x_StdPeriph_Driver/src/stm32f30x_crc.c ****   * @param  NewState: new state of the reverse operation on output data.
 182:../Libraries/STM32F30x_StdPeriph_Driver/src/stm32f30x_crc.c ****   *   This parameter can be: ENABLE or DISABLE.
 183:../Libraries/STM32F30x_StdPeriph_Driver/src/stm32f30x_crc.c ****   * @retval None
 184:../Libraries/STM32F30x_StdPeriph_Driver/src/stm32f30x_crc.c ****   */
 185:../Libraries/STM32F30x_StdPeriph_Driver/src/stm32f30x_crc.c **** void CRC_ReverseOutputDataCmd(FunctionalState NewState)
 186:../Libraries/STM32F30x_StdPeriph_Driver/src/stm32f30x_crc.c **** {
 183              		.loc 1 186 0
 184              		.cfi_startproc
 185              		@ args = 0, pretend = 0, frame = 8
 186              		@ frame_needed = 0, uses_anonymous_args = 0
 187              		@ link register save eliminated.
 188 00d8 82B0     		sub	sp, sp, #8
 189              	.LCFI2:
 190              		.cfi_def_cfa_offset 8
 191 00da 0346     		mov	r3, r0
 192 00dc 8DF80730 		strb	r3, [sp, #7]
 187:../Libraries/STM32F30x_StdPeriph_Driver/src/stm32f30x_crc.c ****   /* Check the parameters */
 188:../Libraries/STM32F30x_StdPeriph_Driver/src/stm32f30x_crc.c ****   assert_param(IS_FUNCTIONAL_STATE(NewState));
 189:../Libraries/STM32F30x_StdPeriph_Driver/src/stm32f30x_crc.c **** 
 190:../Libraries/STM32F30x_StdPeriph_Driver/src/stm32f30x_crc.c ****   if (NewState != DISABLE)
 193              		.loc 1 190 0
 194 00e0 9DF80730 		ldrb	r3, [sp, #7]	@ zero_extendqisi2
 195 00e4 002B     		cmp	r3, #0
 196 00e6 0CD0     		beq	.L6
 191:../Libraries/STM32F30x_StdPeriph_Driver/src/stm32f30x_crc.c ****   {
 192:../Libraries/STM32F30x_StdPeriph_Driver/src/stm32f30x_crc.c ****     /* Enable reverse operation on output data */
 193:../Libraries/STM32F30x_StdPeriph_Driver/src/stm32f30x_crc.c ****     CRC->CR |= CRC_CR_REV_OUT;
 197              		.loc 1 193 0
 198 00e8 4FF44053 		mov	r3, #12288
 199 00ec C4F20203 		movt	r3, 16386
 200 00f0 4FF44052 		mov	r2, #12288
 201 00f4 C4F20202 		movt	r2, 16386
 202 00f8 9268     		ldr	r2, [r2, #8]
 203 00fa 42F08002 		orr	r2, r2, #128
 204 00fe 9A60     		str	r2, [r3, #8]
 205 0100 0BE0     		b	.L5
 206              	.L6:
 194:../Libraries/STM32F30x_StdPeriph_Driver/src/stm32f30x_crc.c ****   }
 195:../Libraries/STM32F30x_StdPeriph_Driver/src/stm32f30x_crc.c ****   else
 196:../Libraries/STM32F30x_StdPeriph_Driver/src/stm32f30x_crc.c ****   {
 197:../Libraries/STM32F30x_StdPeriph_Driver/src/stm32f30x_crc.c ****     /* Disable reverse operation on output data */
 198:../Libraries/STM32F30x_StdPeriph_Driver/src/stm32f30x_crc.c ****     CRC->CR &= (uint32_t)~((uint32_t)CRC_CR_REV_OUT);
 207              		.loc 1 198 0
 208 0102 4FF44053 		mov	r3, #12288
 209 0106 C4F20203 		movt	r3, 16386
 210 010a 4FF44052 		mov	r2, #12288
 211 010e C4F20202 		movt	r2, 16386
 212 0112 9268     		ldr	r2, [r2, #8]
 213 0114 22F08002 		bic	r2, r2, #128
 214 0118 9A60     		str	r2, [r3, #8]
 215              	.L5:
 199:../Libraries/STM32F30x_StdPeriph_Driver/src/stm32f30x_crc.c ****   }
 200:../Libraries/STM32F30x_StdPeriph_Driver/src/stm32f30x_crc.c **** }
 216              		.loc 1 200 0
 217 011a 02B0     		add	sp, sp, #8
 218 011c 7047     		bx	lr
 219              		.cfi_endproc
 220              	.LFE115:
 222 011e 00BF     		.align	2
 223              		.global	CRC_SetInitRegister
 224              		.thumb
 225              		.thumb_func
 227              	CRC_SetInitRegister:
 228              	.LFB116:
 201:../Libraries/STM32F30x_StdPeriph_Driver/src/stm32f30x_crc.c **** 
 202:../Libraries/STM32F30x_StdPeriph_Driver/src/stm32f30x_crc.c **** /**
 203:../Libraries/STM32F30x_StdPeriph_Driver/src/stm32f30x_crc.c ****   * @brief  Initializes the INIT register.
 204:../Libraries/STM32F30x_StdPeriph_Driver/src/stm32f30x_crc.c ****   * @note   After resetting CRC calculation unit, CRC_InitValue is stored in DR register
 205:../Libraries/STM32F30x_StdPeriph_Driver/src/stm32f30x_crc.c ****   * @param  CRC_InitValue: Programmable initial CRC value
 206:../Libraries/STM32F30x_StdPeriph_Driver/src/stm32f30x_crc.c ****   * @retval None
 207:../Libraries/STM32F30x_StdPeriph_Driver/src/stm32f30x_crc.c ****   */
 208:../Libraries/STM32F30x_StdPeriph_Driver/src/stm32f30x_crc.c **** void CRC_SetInitRegister(uint32_t CRC_InitValue)
 209:../Libraries/STM32F30x_StdPeriph_Driver/src/stm32f30x_crc.c **** {
 229              		.loc 1 209 0
 230              		.cfi_startproc
 231              		@ args = 0, pretend = 0, frame = 8
 232              		@ frame_needed = 0, uses_anonymous_args = 0
 233              		@ link register save eliminated.
 234 0120 82B0     		sub	sp, sp, #8
 235              	.LCFI3:
 236              		.cfi_def_cfa_offset 8
 237 0122 0190     		str	r0, [sp, #4]
 210:../Libraries/STM32F30x_StdPeriph_Driver/src/stm32f30x_crc.c ****   CRC->INIT = CRC_InitValue;
 238              		.loc 1 210 0
 239 0124 4FF44053 		mov	r3, #12288
 240 0128 C4F20203 		movt	r3, 16386
 241 012c 019A     		ldr	r2, [sp, #4]
 242 012e 1A61     		str	r2, [r3, #16]
 211:../Libraries/STM32F30x_StdPeriph_Driver/src/stm32f30x_crc.c **** }
 243              		.loc 1 211 0
 244 0130 02B0     		add	sp, sp, #8
 245 0132 7047     		bx	lr
 246              		.cfi_endproc
 247              	.LFE116:
 249              		.align	2
 250              		.global	CRC_SetPolynomial
 251              		.thumb
 252              		.thumb_func
 254              	CRC_SetPolynomial:
 255              	.LFB117:
 212:../Libraries/STM32F30x_StdPeriph_Driver/src/stm32f30x_crc.c **** 
 213:../Libraries/STM32F30x_StdPeriph_Driver/src/stm32f30x_crc.c **** /**
 214:../Libraries/STM32F30x_StdPeriph_Driver/src/stm32f30x_crc.c ****   * @brief  Initializes the polynomail coefficients.
 215:../Libraries/STM32F30x_StdPeriph_Driver/src/stm32f30x_crc.c ****   * @param  CRC_Pol: Polynomial to be used for CRC calculation.
 216:../Libraries/STM32F30x_StdPeriph_Driver/src/stm32f30x_crc.c ****   * @retval None
 217:../Libraries/STM32F30x_StdPeriph_Driver/src/stm32f30x_crc.c ****   */
 218:../Libraries/STM32F30x_StdPeriph_Driver/src/stm32f30x_crc.c **** void CRC_SetPolynomial(uint32_t CRC_Pol)
 219:../Libraries/STM32F30x_StdPeriph_Driver/src/stm32f30x_crc.c **** {
 256              		.loc 1 219 0
 257              		.cfi_startproc
 258              		@ args = 0, pretend = 0, frame = 8
 259              		@ frame_needed = 0, uses_anonymous_args = 0
 260              		@ link register save eliminated.
 261 0134 82B0     		sub	sp, sp, #8
 262              	.LCFI4:
 263              		.cfi_def_cfa_offset 8
 264 0136 0190     		str	r0, [sp, #4]
 220:../Libraries/STM32F30x_StdPeriph_Driver/src/stm32f30x_crc.c ****   CRC->POL = CRC_Pol;
 265              		.loc 1 220 0
 266 0138 4FF44053 		mov	r3, #12288
 267 013c C4F20203 		movt	r3, 16386
 268 0140 019A     		ldr	r2, [sp, #4]
 269 0142 5A61     		str	r2, [r3, #20]
 221:../Libraries/STM32F30x_StdPeriph_Driver/src/stm32f30x_crc.c **** }
 270              		.loc 1 221 0
 271 0144 02B0     		add	sp, sp, #8
 272 0146 7047     		bx	lr
 273              		.cfi_endproc
 274              	.LFE117:
 276              		.align	2
 277              		.global	CRC_CalcCRC
 278              		.thumb
 279              		.thumb_func
 281              	CRC_CalcCRC:
 282              	.LFB118:
 222:../Libraries/STM32F30x_StdPeriph_Driver/src/stm32f30x_crc.c **** 
 223:../Libraries/STM32F30x_StdPeriph_Driver/src/stm32f30x_crc.c **** /**
 224:../Libraries/STM32F30x_StdPeriph_Driver/src/stm32f30x_crc.c ****   * @}
 225:../Libraries/STM32F30x_StdPeriph_Driver/src/stm32f30x_crc.c ****   */
 226:../Libraries/STM32F30x_StdPeriph_Driver/src/stm32f30x_crc.c **** 
 227:../Libraries/STM32F30x_StdPeriph_Driver/src/stm32f30x_crc.c **** /** @defgroup CRC_Group2 CRC computation of one/many 32-bit data functions
 228:../Libraries/STM32F30x_StdPeriph_Driver/src/stm32f30x_crc.c ****  *  @brief   CRC computation of one/many 32-bit data functions
 229:../Libraries/STM32F30x_StdPeriph_Driver/src/stm32f30x_crc.c ****  *
 230:../Libraries/STM32F30x_StdPeriph_Driver/src/stm32f30x_crc.c **** @verbatim
 231:../Libraries/STM32F30x_StdPeriph_Driver/src/stm32f30x_crc.c ****  ===============================================================================
 232:../Libraries/STM32F30x_StdPeriph_Driver/src/stm32f30x_crc.c ****                       ##### CRC computation functions #####
 233:../Libraries/STM32F30x_StdPeriph_Driver/src/stm32f30x_crc.c ****  ===============================================================================
 234:../Libraries/STM32F30x_StdPeriph_Driver/src/stm32f30x_crc.c **** 
 235:../Libraries/STM32F30x_StdPeriph_Driver/src/stm32f30x_crc.c **** @endverbatim
 236:../Libraries/STM32F30x_StdPeriph_Driver/src/stm32f30x_crc.c ****   * @{
 237:../Libraries/STM32F30x_StdPeriph_Driver/src/stm32f30x_crc.c ****   */
 238:../Libraries/STM32F30x_StdPeriph_Driver/src/stm32f30x_crc.c **** 
 239:../Libraries/STM32F30x_StdPeriph_Driver/src/stm32f30x_crc.c **** /**
 240:../Libraries/STM32F30x_StdPeriph_Driver/src/stm32f30x_crc.c ****   * @brief  Computes the 32-bit CRC of a given data word(32-bit).
 241:../Libraries/STM32F30x_StdPeriph_Driver/src/stm32f30x_crc.c ****   * @param  CRC_Data: data word(32-bit) to compute its CRC
 242:../Libraries/STM32F30x_StdPeriph_Driver/src/stm32f30x_crc.c ****   * @retval 32-bit CRC
 243:../Libraries/STM32F30x_StdPeriph_Driver/src/stm32f30x_crc.c ****   */
 244:../Libraries/STM32F30x_StdPeriph_Driver/src/stm32f30x_crc.c **** uint32_t CRC_CalcCRC(uint32_t CRC_Data)
 245:../Libraries/STM32F30x_StdPeriph_Driver/src/stm32f30x_crc.c **** {
 283              		.loc 1 245 0
 284              		.cfi_startproc
 285              		@ args = 0, pretend = 0, frame = 8
 286              		@ frame_needed = 0, uses_anonymous_args = 0
 287              		@ link register save eliminated.
 288 0148 82B0     		sub	sp, sp, #8
 289              	.LCFI5:
 290              		.cfi_def_cfa_offset 8
 291 014a 0190     		str	r0, [sp, #4]
 246:../Libraries/STM32F30x_StdPeriph_Driver/src/stm32f30x_crc.c ****   CRC->DR = CRC_Data;
 292              		.loc 1 246 0
 293 014c 4FF44053 		mov	r3, #12288
 294 0150 C4F20203 		movt	r3, 16386
 295 0154 019A     		ldr	r2, [sp, #4]
 296 0156 1A60     		str	r2, [r3, #0]
 247:../Libraries/STM32F30x_StdPeriph_Driver/src/stm32f30x_crc.c ****   
 248:../Libraries/STM32F30x_StdPeriph_Driver/src/stm32f30x_crc.c ****   return (CRC->DR);
 297              		.loc 1 248 0
 298 0158 4FF44053 		mov	r3, #12288
 299 015c C4F20203 		movt	r3, 16386
 300 0160 1B68     		ldr	r3, [r3, #0]
 249:../Libraries/STM32F30x_StdPeriph_Driver/src/stm32f30x_crc.c **** }
 301              		.loc 1 249 0
 302 0162 1846     		mov	r0, r3
 303 0164 02B0     		add	sp, sp, #8
 304 0166 7047     		bx	lr
 305              		.cfi_endproc
 306              	.LFE118:
 308              		.align	2
 309              		.global	CRC_CalcCRC16bits
 310              		.thumb
 311              		.thumb_func
 313              	CRC_CalcCRC16bits:
 314              	.LFB119:
 250:../Libraries/STM32F30x_StdPeriph_Driver/src/stm32f30x_crc.c **** 
 251:../Libraries/STM32F30x_StdPeriph_Driver/src/stm32f30x_crc.c **** /**
 252:../Libraries/STM32F30x_StdPeriph_Driver/src/stm32f30x_crc.c ****   * @brief  Computes the 16-bit CRC of a given 16-bit data.
 253:../Libraries/STM32F30x_StdPeriph_Driver/src/stm32f30x_crc.c ****   * @param  CRC_Data: data half-word(16-bit) to compute its CRC
 254:../Libraries/STM32F30x_StdPeriph_Driver/src/stm32f30x_crc.c ****   * @retval 16-bit CRC
 255:../Libraries/STM32F30x_StdPeriph_Driver/src/stm32f30x_crc.c ****   */
 256:../Libraries/STM32F30x_StdPeriph_Driver/src/stm32f30x_crc.c **** uint32_t CRC_CalcCRC16bits(uint16_t CRC_Data)
 257:../Libraries/STM32F30x_StdPeriph_Driver/src/stm32f30x_crc.c **** {
 315              		.loc 1 257 0
 316              		.cfi_startproc
 317              		@ args = 0, pretend = 0, frame = 8
 318              		@ frame_needed = 0, uses_anonymous_args = 0
 319              		@ link register save eliminated.
 320 0168 82B0     		sub	sp, sp, #8
 321              	.LCFI6:
 322              		.cfi_def_cfa_offset 8
 323 016a 0346     		mov	r3, r0
 324 016c ADF80630 		strh	r3, [sp, #6]	@ movhi
 258:../Libraries/STM32F30x_StdPeriph_Driver/src/stm32f30x_crc.c ****   *(uint16_t*)(CRC_BASE) = (uint16_t) CRC_Data;
 325              		.loc 1 258 0
 326 0170 4FF44053 		mov	r3, #12288
 327 0174 C4F20203 		movt	r3, 16386
 328 0178 BDF80620 		ldrh	r2, [sp, #6]	@ movhi
 329 017c 1A80     		strh	r2, [r3, #0]	@ movhi
 259:../Libraries/STM32F30x_StdPeriph_Driver/src/stm32f30x_crc.c ****   
 260:../Libraries/STM32F30x_StdPeriph_Driver/src/stm32f30x_crc.c ****   return (CRC->DR);
 330              		.loc 1 260 0
 331 017e 4FF44053 		mov	r3, #12288
 332 0182 C4F20203 		movt	r3, 16386
 333 0186 1B68     		ldr	r3, [r3, #0]
 261:../Libraries/STM32F30x_StdPeriph_Driver/src/stm32f30x_crc.c **** }
 334              		.loc 1 261 0
 335 0188 1846     		mov	r0, r3
 336 018a 02B0     		add	sp, sp, #8
 337 018c 7047     		bx	lr
 338              		.cfi_endproc
 339              	.LFE119:
 341 018e 00BF     		.align	2
 342              		.global	CRC_CalcCRC8bits
 343              		.thumb
 344              		.thumb_func
 346              	CRC_CalcCRC8bits:
 347              	.LFB120:
 262:../Libraries/STM32F30x_StdPeriph_Driver/src/stm32f30x_crc.c **** 
 263:../Libraries/STM32F30x_StdPeriph_Driver/src/stm32f30x_crc.c **** /**
 264:../Libraries/STM32F30x_StdPeriph_Driver/src/stm32f30x_crc.c ****   * @brief  Computes the 8-bit CRC of a given 8-bit data.
 265:../Libraries/STM32F30x_StdPeriph_Driver/src/stm32f30x_crc.c ****   * @param  CRC_Data: 8-bit data to compute its CRC
 266:../Libraries/STM32F30x_StdPeriph_Driver/src/stm32f30x_crc.c ****   * @retval 8-bit CRC
 267:../Libraries/STM32F30x_StdPeriph_Driver/src/stm32f30x_crc.c ****   */
 268:../Libraries/STM32F30x_StdPeriph_Driver/src/stm32f30x_crc.c **** uint32_t CRC_CalcCRC8bits(uint8_t CRC_Data)
 269:../Libraries/STM32F30x_StdPeriph_Driver/src/stm32f30x_crc.c **** {
 348              		.loc 1 269 0
 349              		.cfi_startproc
 350              		@ args = 0, pretend = 0, frame = 8
 351              		@ frame_needed = 0, uses_anonymous_args = 0
 352              		@ link register save eliminated.
 353 0190 82B0     		sub	sp, sp, #8
 354              	.LCFI7:
 355              		.cfi_def_cfa_offset 8
 356 0192 0346     		mov	r3, r0
 357 0194 8DF80730 		strb	r3, [sp, #7]
 270:../Libraries/STM32F30x_StdPeriph_Driver/src/stm32f30x_crc.c ****   *(uint8_t*)(CRC_BASE) = (uint8_t) CRC_Data;
 358              		.loc 1 270 0
 359 0198 4FF44053 		mov	r3, #12288
 360 019c C4F20203 		movt	r3, 16386
 361 01a0 9DF80720 		ldrb	r2, [sp, #7]
 362 01a4 1A70     		strb	r2, [r3, #0]
 271:../Libraries/STM32F30x_StdPeriph_Driver/src/stm32f30x_crc.c **** 
 272:../Libraries/STM32F30x_StdPeriph_Driver/src/stm32f30x_crc.c ****   return (CRC->DR);
 363              		.loc 1 272 0
 364 01a6 4FF44053 		mov	r3, #12288
 365 01aa C4F20203 		movt	r3, 16386
 366 01ae 1B68     		ldr	r3, [r3, #0]
 273:../Libraries/STM32F30x_StdPeriph_Driver/src/stm32f30x_crc.c **** }
 367              		.loc 1 273 0
 368 01b0 1846     		mov	r0, r3
 369 01b2 02B0     		add	sp, sp, #8
 370 01b4 7047     		bx	lr
 371              		.cfi_endproc
 372              	.LFE120:
 374 01b6 00BF     		.align	2
 375              		.global	CRC_CalcBlockCRC
 376              		.thumb
 377              		.thumb_func
 379              	CRC_CalcBlockCRC:
 380              	.LFB121:
 274:../Libraries/STM32F30x_StdPeriph_Driver/src/stm32f30x_crc.c **** 
 275:../Libraries/STM32F30x_StdPeriph_Driver/src/stm32f30x_crc.c **** /**
 276:../Libraries/STM32F30x_StdPeriph_Driver/src/stm32f30x_crc.c ****   * @brief  Computes the 32-bit CRC of a given buffer of data word(32-bit).
 277:../Libraries/STM32F30x_StdPeriph_Driver/src/stm32f30x_crc.c ****   * @param  pBuffer: pointer to the buffer containing the data to be computed
 278:../Libraries/STM32F30x_StdPeriph_Driver/src/stm32f30x_crc.c ****   * @param  BufferLength: length of the buffer to be computed
 279:../Libraries/STM32F30x_StdPeriph_Driver/src/stm32f30x_crc.c ****   * @retval 32-bit CRC
 280:../Libraries/STM32F30x_StdPeriph_Driver/src/stm32f30x_crc.c ****   */
 281:../Libraries/STM32F30x_StdPeriph_Driver/src/stm32f30x_crc.c **** uint32_t CRC_CalcBlockCRC(uint32_t pBuffer[], uint32_t BufferLength)
 282:../Libraries/STM32F30x_StdPeriph_Driver/src/stm32f30x_crc.c **** {
 381              		.loc 1 282 0
 382              		.cfi_startproc
 383              		@ args = 0, pretend = 0, frame = 16
 384              		@ frame_needed = 0, uses_anonymous_args = 0
 385              		@ link register save eliminated.
 386 01b8 84B0     		sub	sp, sp, #16
 387              	.LCFI8:
 388              		.cfi_def_cfa_offset 16
 389 01ba 0190     		str	r0, [sp, #4]
 390 01bc 0091     		str	r1, [sp, #0]
 283:../Libraries/STM32F30x_StdPeriph_Driver/src/stm32f30x_crc.c ****   uint32_t index = 0;
 391              		.loc 1 283 0
 392 01be 4FF00003 		mov	r3, #0
 393 01c2 0393     		str	r3, [sp, #12]
 284:../Libraries/STM32F30x_StdPeriph_Driver/src/stm32f30x_crc.c ****   
 285:../Libraries/STM32F30x_StdPeriph_Driver/src/stm32f30x_crc.c ****   for(index = 0; index < BufferLength; index++)
 394              		.loc 1 285 0
 395 01c4 4FF00003 		mov	r3, #0
 396 01c8 0393     		str	r3, [sp, #12]
 397 01ca 0EE0     		b	.L14
 398              	.L15:
 286:../Libraries/STM32F30x_StdPeriph_Driver/src/stm32f30x_crc.c ****   {
 287:../Libraries/STM32F30x_StdPeriph_Driver/src/stm32f30x_crc.c ****     CRC->DR = pBuffer[index];
 399              		.loc 1 287 0 discriminator 2
 400 01cc 4FF44053 		mov	r3, #12288
 401 01d0 C4F20203 		movt	r3, 16386
 402 01d4 039A     		ldr	r2, [sp, #12]
 403 01d6 4FEA8202 		lsl	r2, r2, #2
 404 01da 0199     		ldr	r1, [sp, #4]
 405 01dc 8A18     		adds	r2, r1, r2
 406 01de 1268     		ldr	r2, [r2, #0]
 407 01e0 1A60     		str	r2, [r3, #0]
 285:../Libraries/STM32F30x_StdPeriph_Driver/src/stm32f30x_crc.c ****   for(index = 0; index < BufferLength; index++)
 408              		.loc 1 285 0 discriminator 2
 409 01e2 039B     		ldr	r3, [sp, #12]
 410 01e4 03F10103 		add	r3, r3, #1
 411 01e8 0393     		str	r3, [sp, #12]
 412              	.L14:
 285:../Libraries/STM32F30x_StdPeriph_Driver/src/stm32f30x_crc.c ****   for(index = 0; index < BufferLength; index++)
 413              		.loc 1 285 0 is_stmt 0 discriminator 1
 414 01ea 039A     		ldr	r2, [sp, #12]
 415 01ec 009B     		ldr	r3, [sp, #0]
 416 01ee 9A42     		cmp	r2, r3
 417 01f0 ECD3     		bcc	.L15
 288:../Libraries/STM32F30x_StdPeriph_Driver/src/stm32f30x_crc.c ****   }
 289:../Libraries/STM32F30x_StdPeriph_Driver/src/stm32f30x_crc.c ****   return (CRC->DR);
 418              		.loc 1 289 0 is_stmt 1
 419 01f2 4FF44053 		mov	r3, #12288
 420 01f6 C4F20203 		movt	r3, 16386
 421 01fa 1B68     		ldr	r3, [r3, #0]
 290:../Libraries/STM32F30x_StdPeriph_Driver/src/stm32f30x_crc.c **** }
 422              		.loc 1 290 0
 423 01fc 1846     		mov	r0, r3
 424 01fe 04B0     		add	sp, sp, #16
 425 0200 7047     		bx	lr
 426              		.cfi_endproc
 427              	.LFE121:
 429 0202 00BF     		.align	2
 430              		.global	CRC_GetCRC
 431              		.thumb
 432              		.thumb_func
 434              	CRC_GetCRC:
 435              	.LFB122:
 291:../Libraries/STM32F30x_StdPeriph_Driver/src/stm32f30x_crc.c **** 
 292:../Libraries/STM32F30x_StdPeriph_Driver/src/stm32f30x_crc.c **** /**
 293:../Libraries/STM32F30x_StdPeriph_Driver/src/stm32f30x_crc.c ****   * @brief  Returns the current CRC value.
 294:../Libraries/STM32F30x_StdPeriph_Driver/src/stm32f30x_crc.c ****   * @param  None
 295:../Libraries/STM32F30x_StdPeriph_Driver/src/stm32f30x_crc.c ****   * @retval 32-bit CRC
 296:../Libraries/STM32F30x_StdPeriph_Driver/src/stm32f30x_crc.c ****   */
 297:../Libraries/STM32F30x_StdPeriph_Driver/src/stm32f30x_crc.c **** uint32_t CRC_GetCRC(void)
 298:../Libraries/STM32F30x_StdPeriph_Driver/src/stm32f30x_crc.c **** {
 436              		.loc 1 298 0
 437              		.cfi_startproc
 438              		@ args = 0, pretend = 0, frame = 0
 439              		@ frame_needed = 0, uses_anonymous_args = 0
 440              		@ link register save eliminated.
 299:../Libraries/STM32F30x_StdPeriph_Driver/src/stm32f30x_crc.c ****   return (CRC->DR);
 441              		.loc 1 299 0
 442 0204 4FF44053 		mov	r3, #12288
 443 0208 C4F20203 		movt	r3, 16386
 444 020c 1B68     		ldr	r3, [r3, #0]
 300:../Libraries/STM32F30x_StdPeriph_Driver/src/stm32f30x_crc.c **** }
 445              		.loc 1 300 0
 446 020e 1846     		mov	r0, r3
 447 0210 7047     		bx	lr
 448              		.cfi_endproc
 449              	.LFE122:
 451 0212 00BF     		.align	2
 452              		.global	CRC_SetIDRegister
 453              		.thumb
 454              		.thumb_func
 456              	CRC_SetIDRegister:
 457              	.LFB123:
 301:../Libraries/STM32F30x_StdPeriph_Driver/src/stm32f30x_crc.c **** 
 302:../Libraries/STM32F30x_StdPeriph_Driver/src/stm32f30x_crc.c **** /**
 303:../Libraries/STM32F30x_StdPeriph_Driver/src/stm32f30x_crc.c ****   * @}
 304:../Libraries/STM32F30x_StdPeriph_Driver/src/stm32f30x_crc.c ****   */
 305:../Libraries/STM32F30x_StdPeriph_Driver/src/stm32f30x_crc.c **** 
 306:../Libraries/STM32F30x_StdPeriph_Driver/src/stm32f30x_crc.c **** /** @defgroup CRC_Group3 CRC Independent Register (IDR) access functions
 307:../Libraries/STM32F30x_StdPeriph_Driver/src/stm32f30x_crc.c ****  *  @brief   CRC Independent Register (IDR) access (write/read) functions
 308:../Libraries/STM32F30x_StdPeriph_Driver/src/stm32f30x_crc.c ****  *
 309:../Libraries/STM32F30x_StdPeriph_Driver/src/stm32f30x_crc.c **** @verbatim
 310:../Libraries/STM32F30x_StdPeriph_Driver/src/stm32f30x_crc.c ****  ===============================================================================
 311:../Libraries/STM32F30x_StdPeriph_Driver/src/stm32f30x_crc.c ****            ##### CRC Independent Register (IDR) access functions #####
 312:../Libraries/STM32F30x_StdPeriph_Driver/src/stm32f30x_crc.c ****  ===============================================================================
 313:../Libraries/STM32F30x_StdPeriph_Driver/src/stm32f30x_crc.c **** 
 314:../Libraries/STM32F30x_StdPeriph_Driver/src/stm32f30x_crc.c **** @endverbatim
 315:../Libraries/STM32F30x_StdPeriph_Driver/src/stm32f30x_crc.c ****   * @{
 316:../Libraries/STM32F30x_StdPeriph_Driver/src/stm32f30x_crc.c ****   */
 317:../Libraries/STM32F30x_StdPeriph_Driver/src/stm32f30x_crc.c **** 
 318:../Libraries/STM32F30x_StdPeriph_Driver/src/stm32f30x_crc.c **** /**
 319:../Libraries/STM32F30x_StdPeriph_Driver/src/stm32f30x_crc.c ****   * @brief  Stores an 8-bit data in the Independent Data(ID) register.
 320:../Libraries/STM32F30x_StdPeriph_Driver/src/stm32f30x_crc.c ****   * @param  CRC_IDValue: 8-bit value to be stored in the ID register 					
 321:../Libraries/STM32F30x_StdPeriph_Driver/src/stm32f30x_crc.c ****   * @retval None
 322:../Libraries/STM32F30x_StdPeriph_Driver/src/stm32f30x_crc.c ****   */
 323:../Libraries/STM32F30x_StdPeriph_Driver/src/stm32f30x_crc.c **** void CRC_SetIDRegister(uint8_t CRC_IDValue)
 324:../Libraries/STM32F30x_StdPeriph_Driver/src/stm32f30x_crc.c **** {
 458              		.loc 1 324 0
 459              		.cfi_startproc
 460              		@ args = 0, pretend = 0, frame = 8
 461              		@ frame_needed = 0, uses_anonymous_args = 0
 462              		@ link register save eliminated.
 463 0214 82B0     		sub	sp, sp, #8
 464              	.LCFI9:
 465              		.cfi_def_cfa_offset 8
 466 0216 0346     		mov	r3, r0
 467 0218 8DF80730 		strb	r3, [sp, #7]
 325:../Libraries/STM32F30x_StdPeriph_Driver/src/stm32f30x_crc.c ****   CRC->IDR = CRC_IDValue;
 468              		.loc 1 325 0
 469 021c 4FF44053 		mov	r3, #12288
 470 0220 C4F20203 		movt	r3, 16386
 471 0224 9DF80720 		ldrb	r2, [sp, #7]
 472 0228 1A71     		strb	r2, [r3, #4]
 326:../Libraries/STM32F30x_StdPeriph_Driver/src/stm32f30x_crc.c **** }
 473              		.loc 1 326 0
 474 022a 02B0     		add	sp, sp, #8
 475 022c 7047     		bx	lr
 476              		.cfi_endproc
 477              	.LFE123:
 479 022e 00BF     		.align	2
 480              		.global	CRC_GetIDRegister
 481              		.thumb
 482              		.thumb_func
 484              	CRC_GetIDRegister:
 485              	.LFB124:
 327:../Libraries/STM32F30x_StdPeriph_Driver/src/stm32f30x_crc.c **** 
 328:../Libraries/STM32F30x_StdPeriph_Driver/src/stm32f30x_crc.c **** /**
 329:../Libraries/STM32F30x_StdPeriph_Driver/src/stm32f30x_crc.c ****   * @brief  Returns the 8-bit data stored in the Independent Data(ID) register
 330:../Libraries/STM32F30x_StdPeriph_Driver/src/stm32f30x_crc.c ****   * @param  None
 331:../Libraries/STM32F30x_StdPeriph_Driver/src/stm32f30x_crc.c ****   * @retval 8-bit value of the ID register 
 332:../Libraries/STM32F30x_StdPeriph_Driver/src/stm32f30x_crc.c ****   */
 333:../Libraries/STM32F30x_StdPeriph_Driver/src/stm32f30x_crc.c **** uint8_t CRC_GetIDRegister(void)
 334:../Libraries/STM32F30x_StdPeriph_Driver/src/stm32f30x_crc.c **** {
 486              		.loc 1 334 0
 487              		.cfi_startproc
 488              		@ args = 0, pretend = 0, frame = 0
 489              		@ frame_needed = 0, uses_anonymous_args = 0
 490              		@ link register save eliminated.
 335:../Libraries/STM32F30x_StdPeriph_Driver/src/stm32f30x_crc.c ****   return (CRC->IDR);
 491              		.loc 1 335 0
 492 0230 4FF44053 		mov	r3, #12288
 493 0234 C4F20203 		movt	r3, 16386
 494 0238 1B79     		ldrb	r3, [r3, #4]
 495 023a DBB2     		uxtb	r3, r3
 336:../Libraries/STM32F30x_StdPeriph_Driver/src/stm32f30x_crc.c **** }
 496              		.loc 1 336 0
 497 023c 1846     		mov	r0, r3
 498 023e 7047     		bx	lr
 499              		.cfi_endproc
 500              	.LFE124:
 502              	.Letext0:
 503              		.file 2 "c:\\program files\\codesourcery\\sourcery_codebench_lite_for_arm_eabi\\bin\\../lib/gcc/ar
 504              		.file 3 "D:\\Documents and Settings\\e722209\\Desktop\\workspace\\aq32Plus_F3\\Libraries\\Device\\
 505              		.file 4 "D:\\Documents and Settings\\e722209\\Desktop\\workspace\\aq32Plus_F3\\Libraries\\CMSIS\\I
DEFINED SYMBOLS
                            *ABS*:00000000 stm32f30x_crc.c
D:\DOCUME~1\e722209\LOCALS~1\Temp\ccU78TJO.s:19     .text:00000000 $t
D:\DOCUME~1\e722209\LOCALS~1\Temp\ccU78TJO.s:24     .text:00000000 CRC_DeInit
D:\DOCUME~1\e722209\LOCALS~1\Temp\ccU78TJO.s:68     .text:0000004c CRC_ResetDR
D:\DOCUME~1\e722209\LOCALS~1\Temp\ccU78TJO.s:93     .text:00000068 CRC_PolynomialSizeSelect
D:\DOCUME~1\e722209\LOCALS~1\Temp\ccU78TJO.s:137    .text:000000a0 CRC_ReverseInputDataSelect
D:\DOCUME~1\e722209\LOCALS~1\Temp\ccU78TJO.s:181    .text:000000d8 CRC_ReverseOutputDataCmd
D:\DOCUME~1\e722209\LOCALS~1\Temp\ccU78TJO.s:227    .text:00000120 CRC_SetInitRegister
D:\DOCUME~1\e722209\LOCALS~1\Temp\ccU78TJO.s:254    .text:00000134 CRC_SetPolynomial
D:\DOCUME~1\e722209\LOCALS~1\Temp\ccU78TJO.s:281    .text:00000148 CRC_CalcCRC
D:\DOCUME~1\e722209\LOCALS~1\Temp\ccU78TJO.s:313    .text:00000168 CRC_CalcCRC16bits
D:\DOCUME~1\e722209\LOCALS~1\Temp\ccU78TJO.s:346    .text:00000190 CRC_CalcCRC8bits
D:\DOCUME~1\e722209\LOCALS~1\Temp\ccU78TJO.s:379    .text:000001b8 CRC_CalcBlockCRC
D:\DOCUME~1\e722209\LOCALS~1\Temp\ccU78TJO.s:434    .text:00000204 CRC_GetCRC
D:\DOCUME~1\e722209\LOCALS~1\Temp\ccU78TJO.s:456    .text:00000214 CRC_SetIDRegister
D:\DOCUME~1\e722209\LOCALS~1\Temp\ccU78TJO.s:484    .text:00000230 CRC_GetIDRegister
                     .debug_frame:00000010 $d

NO UNDEFINED SYMBOLS
